\BOOKMARK [0][-]{chapter*.1}{\376\377\000A\000b\000s\000t\000r\000a\000c\000t}{}% 1
\BOOKMARK [0][-]{chapter*.3}{\376\377\000L\000i\000s\000t\000\040\000o\000f\000\040\000F\000i\000g\000u\000r\000e\000s}{}% 2
\BOOKMARK [0][-]{chapter*.4}{\376\377\000L\000i\000s\000t\000\040\000o\000f\000\040\000T\000a\000b\000l\000e\000s}{}% 3
\BOOKMARK [0][-]{chapter.1}{\376\377\000I\000n\000t\000r\000o\000d\000u\000c\000t\000i\000o\000n}{}% 4
\BOOKMARK [1][-]{section.1.1}{\376\377\000H\000i\000s\000t\000o\000r\000i\000c\000a\000l\000\040\000D\000e\000v\000e\000l\000o\000p\000m\000e\000n\000t\000\040\000o\000f\000\040\000t\000h\000e\000\040\000V\000i\000d\000e\000o\000\040\000G\000a\000m\000e\000\040\000I\000n\000d\000u\000s\000t\000r\000y}{chapter.1}% 5
\BOOKMARK [1][-]{section.1.2}{\376\377\000K\000e\000y\000\040\000D\000r\000i\000v\000e\000r\000s\000\040\000o\000f\000\040\000I\000n\000d\000u\000s\000t\000r\000y\000\040\000G\000r\000o\000w\000t\000h}{chapter.1}% 6
\BOOKMARK [1][-]{section.1.3}{\376\377\000M\000a\000r\000k\000e\000t\000\040\000O\000v\000e\000r\000v\000i\000e\000w\000\040\000a\000n\000d\000\040\000T\000r\000e\000n\000d\000s}{chapter.1}% 7
\BOOKMARK [1][-]{section.1.4}{\376\377\000A\000i\000m\000\040\000a\000n\000d\000\040\000S\000c\000o\000p\000e\000\040\000o\000f\000\040\000t\000h\000e\000\040\000S\000t\000u\000d\000y}{chapter.1}% 8
\BOOKMARK [1][-]{section.1.5}{\376\377\000L\000i\000t\000e\000r\000a\000t\000u\000r\000e\000\040\000R\000e\000v\000i\000e\000w}{chapter.1}% 9
\BOOKMARK [0][-]{chapter.2}{\376\377\000D\000a\000t\000a}{}% 10
\BOOKMARK [1][-]{section.2.1}{\376\377\000A\000\040\000D\000e\000s\000c\000r\000i\000p\000t\000i\000o\000n\000\040\000o\000f\000\040\000t\000h\000e\000\040\000F\000i\000n\000a\000l\000\040\000D\000a\000t\000a\000s\000e\000t}{chapter.2}% 11
\BOOKMARK [1][-]{section.2.2}{\376\377\000C\000l\000e\000a\000n\000i\000n\000g\000\040\000c\000r\000i\000t\000e\000r\000i\000a}{chapter.2}% 12
\BOOKMARK [1][-]{section.2.3}{\376\377\000E\000x\000p\000l\000o\000r\000a\000t\000i\000v\000e\000\040\000a\000n\000a\000l\000y\000s\000i\000s}{chapter.2}% 13
\BOOKMARK [2][-]{subsection.2.3.1}{\376\377\000F\000a\000c\000e\000t\000\040\000G\000r\000a\000p\000h\000\040\000D\000e\000s\000c\000r\000i\000p\000t\000i\000o\000n}{section.2.3}% 14
\BOOKMARK [2][-]{subsection.2.3.2}{\376\377\000U\000n\000e\000m\000p\000l\000o\000y\000m\000e\000n\000t\000\040\000a\000n\000d\000\040\000L\000o\000g\000\040\000S\000a\000l\000e\000s}{section.2.3}% 15
\BOOKMARK [2][-]{subsection.2.3.3}{\376\377\000I\000n\000t\000e\000r\000n\000e\000t\000\040\000P\000e\000n\000e\000t\000r\000a\000t\000i\000o\000n\000\040\000a\000n\000d\000\040\000L\000o\000g\000\040\000S\000a\000l\000e\000s}{section.2.3}% 16
\BOOKMARK [2][-]{subsection.2.3.4}{\376\377\000C\000O\000V\000I\000D\000-\0001\0009\000\040\000R\000e\000s\000t\000r\000i\000c\000t\000i\000o\000n\000s\000\040\000a\000n\000d\000\040\000L\000o\000g\000\040\000S\000a\000l\000e\000s}{section.2.3}% 17
\BOOKMARK [2][-]{subsection.2.3.5}{\376\377\000C\000u\000m\000u\000l\000a\000t\000i\000v\000e\000\040\000S\000a\000l\000e\000s\000\040\000I\000n\000d\000e\000x\000e\000d\000\040\000G\000r\000a\000p\000h}{section.2.3}% 18
\BOOKMARK [2][-]{subsection.2.3.6}{\376\377\000G\000l\000o\000b\000a\000l\000\040\000S\000a\000l\000e\000s\000\040\0002\0000\0001\0004\000-\0002\0000\0002\0004\000\040\000T\000i\000m\000e\000\040\000S\000e\000r\000i\000e\000s}{section.2.3}% 19
\BOOKMARK [2][-]{subsection.2.3.7}{\376\377\000O\000v\000e\000r\000a\000l\000l\000\040\000C\000o\000n\000s\000i\000d\000e\000r\000a\000t\000i\000o\000n\000s\000\040\000a\000b\000o\000u\000t\000\040\000C\000O\000V\000I\000D\000-\0001\0009\000'\000s\000\040\000I\000n\000f\000l\000u\000e\000n\000c\000e\000\040\000i\000n\000\040\000S\000a\000l\000e\000s}{section.2.3}% 20
\BOOKMARK [0][-]{chapter.3}{\376\377\000M\000o\000d\000e\000l}{}% 21
\BOOKMARK [1][-]{section.3.1}{\376\377\000F\000r\000o\000m\000\040\000L\000M\000\040\000t\000o\000\040\000G\000L\000M\000\040\000t\000o\000\040\000G\000A\000M\000\040\000t\000o\000\040\000G\000A\000M\000\040\000+\000\040\000r\000e}{chapter.3}% 22
\BOOKMARK [2][-]{subsection.3.1.1}{\376\377\000F\000r\000o\000m\000\040\000L\000M\000\040\000t\000o\000\040\000G\000L\000M}{section.3.1}% 23
\BOOKMARK [2][-]{subsection.3.1.2}{\376\377\000F\000r\000o\000m\000\040\000G\000L\000M\000\040\000t\000o\000\040\000G\000A\000M}{section.3.1}% 24
\BOOKMARK [2][-]{subsection.3.1.3}{\376\377\000F\000r\000o\000m\000\040\000G\000A\000M\000\040\000t\000o\000\040\000G\000A\000M\000\040\000+\000\040\000r\000e}{section.3.1}% 25
\BOOKMARK [2][-]{subsection.3.1.4}{\376\377\000M\000o\000d\000e\000l\000\040\000S\000p\000e\000c\000i\000f\000i\000c\000a\000t\000i\000o\000n\000\040\000f\000o\000r\000\040\000T\000h\000i\000s\000\040\000S\000t\000u\000d\000y}{section.3.1}% 26
\BOOKMARK [1][-]{section.3.2}{\376\377\000M\000o\000d\000e\000l\000\040\000R\000e\000s\000u\000l\000t\000s}{chapter.3}% 27
\BOOKMARK [0][-]{chapter*.25}{\376\377\000C\000o\000n\000c\000l\000u\000s\000i\000o\000n}{}% 28
\BOOKMARK [0][-]{section*.26}{\376\377\000B\000i\000b\000l\000i\000o\000g\000r\000a\000p\000h\000y}{}% 29
\BOOKMARK [0][-]{chapter.A}{\376\377\000C\000o\000u\000n\000t\000r\000i\000e\000s\000'\000\040\000T\000a\000b\000l\000e}{}% 30
\BOOKMARK [0][-]{chapter.B}{\376\377\000S\000u\000p\000p\000l\000e\000m\000e\000n\000t\000a\000r\000y\000\040\000M\000a\000t\000e\000r\000i\000a\000l}{}% 31
\BOOKMARK [0][-]{chapter.C}{\376\377\000M\000o\000d\000e\000l\000\040\000I\000m\000p\000l\000e\000m\000e\000n\000t\000a\000t\000i\000o\000n\000\040\000i\000n\000\040\000R}{}% 32
